SF:lib\src\models\station.dart
DA:12,1
DA:47,1
DA:48,1
DA:178,2
LF:4
LH:4
end_of_record
SF:lib\src\models\station.g.dart
DA:9,2
DA:10,1
DA:11,1
DA:12,1
DA:13,1
DA:14,1
DA:15,2
DA:16,2
DA:17,2
DA:18,2
DA:19,1
DA:20,1
DA:21,2
DA:22,2
DA:23,2
DA:24,1
DA:25,2
DA:26,2
DA:27,1
DA:28,2
DA:29,2
DA:30,2
DA:31,2
DA:33,2
DA:34,2
DA:35,1
DA:36,1
DA:37,2
DA:38,2
DA:39,2
DA:40,1
DA:43,2
DA:44,1
DA:45,1
DA:46,1
DA:47,1
DA:48,1
DA:49,1
DA:50,1
DA:51,1
DA:52,1
DA:53,1
DA:54,1
DA:55,1
DA:56,1
DA:57,1
DA:58,1
DA:59,2
DA:60,1
DA:61,1
DA:62,2
DA:63,2
DA:64,2
DA:65,2
DA:66,2
DA:67,2
DA:68,1
DA:69,1
DA:70,2
DA:71,1
DA:72,1
DA:73,1
LF:62
LH:62
end_of_record
SF:lib\src\radio_browser_api.dart
DA:6,1
LF:1
LH:1
end_of_record
SF:lib\src\_util\type_convertors.dart
DA:2,2
DA:6,1
DA:9,2
LF:3
LH:3
end_of_record
